

Microchip MPLAB XC8 Assembler V2.05 build -831301201 
                                                                                               Sun Feb 02 18:09:16 2020

Microchip MPLAB XC8 C Compiler v2.05 (Free license) build 20181220022703 Og1 
     1                           	processor	16F887
     2                           	opt	pw 120
     3                           	opt	flic
     4                           	psect	cinit,global,class=CODE,merge=1,delta=2
     5                           	psect	bssCOMMON,global,class=COMMON,space=1,delta=1
     6                           	psect	cstackCOMMON,global,class=COMMON,space=1,delta=1
     7                           	psect	maintext,global,class=CODE,split=1,delta=2
     8                           	psect	text1,local,class=CODE,merge=1,delta=2
     9                           	psect	text2,local,class=CODE,merge=1,delta=2
    10                           	psect	intentry,global,class=CODE,delta=2
    11                           	dabs	1,0x7E,2
    12  0000                     
    13                           ; Version 2.05
    14                           ; Generated 20/12/2018 GMT
    15                           ; 
    16                           ; Copyright © 2018, Microchip Technology Inc. and its subsidiaries ("Microchip")
    17                           ; All rights reserved.
    18                           ; 
    19                           ; This software is developed by Microchip Technology Inc. and its subsidiaries ("Microch
      +                          ip").
    20                           ; 
    21                           ; Redistribution and use in source and binary forms, with or without modification, are
    22                           ; permitted provided that the following conditions are met:
    23                           ; 
    24                           ;     1. Redistributions of source code must retain the above copyright notice, this lis
      +                          t of
    25                           ;        conditions and the following disclaimer.
    26                           ; 
    27                           ;     2. Redistributions in binary form must reproduce the above copyright notice, this 
      +                          list
    28                           ;        of conditions and the following disclaimer in the documentation and/or other
    29                           ;        materials provided with the distribution.
    30                           ; 
    31                           ;     3. Microchip's name may not be used to endorse or promote products derived from th
      +                          is
    32                           ;        software without specific prior written permission.
    33                           ; 
    34                           ; THIS SOFTWARE IS PROVIDED BY MICROCHIP "AS IS" AND ANY EXPRESS OR IMPLIED WARRANTIES,
    35                           ; INCLUDING, BUT NOT LIMITED TO, THE IMPLIED WARRANTIES OF MERCHANTABILITY AND FITNESS F
      +                          OR
    36                           ; PURPOSE ARE DISCLAIMED.  IN NO EVENT SHALL MICROCHIP BE LIABLE FOR ANY DIRECT, INDIREC
      +                          T,
    37                           ; INCIDENTAL, SPECIAL, EXEMPLARY, OR CONSEQUENTIAL DAMAGES (INCLUDING BUT NOT LIMITED TO
    38                           ; PROCUREMENT OF SUBSTITUTE GOODS OR SERVICES; LOSS OF USE, DATA OR PROFITS; OR BUSINESS
    39                           ; INTERRUPTION) HOWSOEVER CAUSED AND ON ANY THEORY OF LIABILITY, WHETHER IN CONTRACT, ST
      +                          RICT
    40                           ; LIABILITY, OR TORT (INCLUDING NEGLIGENCE OR OTHERWISE) ARISING IN ANY WAY OUT OF THE U
      +                          SE OF
    41                           ; THIS SOFTWARE, EVEN IF ADVISED OF THE POSSIBILITY OF SUCH DAMAGE.
    42                           ; 
    43                           ; 
    44                           ; Code-generator required, PIC16F887 Definitions
    45                           ; 
    46                           ; SFR Addresses
    47  0000                     	;# 
    48  0001                     	;# 
    49  0002                     	;# 
    50  0003                     	;# 
    51  0004                     	;# 
    52  0005                     	;# 
    53  0006                     	;# 
    54  0007                     	;# 
    55  0008                     	;# 
    56  0009                     	;# 
    57  000A                     	;# 
    58  000B                     	;# 
    59  000C                     	;# 
    60  000D                     	;# 
    61  000E                     	;# 
    62  000E                     	;# 
    63  000F                     	;# 
    64  0010                     	;# 
    65  0011                     	;# 
    66  0012                     	;# 
    67  0013                     	;# 
    68  0014                     	;# 
    69  0015                     	;# 
    70  0015                     	;# 
    71  0016                     	;# 
    72  0017                     	;# 
    73  0018                     	;# 
    74  0019                     	;# 
    75  001A                     	;# 
    76  001B                     	;# 
    77  001B                     	;# 
    78  001C                     	;# 
    79  001D                     	;# 
    80  001E                     	;# 
    81  001F                     	;# 
    82  0081                     	;# 
    83  0085                     	;# 
    84  0086                     	;# 
    85  0087                     	;# 
    86  0088                     	;# 
    87  0089                     	;# 
    88  008C                     	;# 
    89  008D                     	;# 
    90  008E                     	;# 
    91  008F                     	;# 
    92  0090                     	;# 
    93  0091                     	;# 
    94  0092                     	;# 
    95  0093                     	;# 
    96  0093                     	;# 
    97  0093                     	;# 
    98  0094                     	;# 
    99  0095                     	;# 
   100  0096                     	;# 
   101  0097                     	;# 
   102  0098                     	;# 
   103  0099                     	;# 
   104  009A                     	;# 
   105  009B                     	;# 
   106  009C                     	;# 
   107  009D                     	;# 
   108  009E                     	;# 
   109  009F                     	;# 
   110  0105                     	;# 
   111  0107                     	;# 
   112  0108                     	;# 
   113  0109                     	;# 
   114  010C                     	;# 
   115  010C                     	;# 
   116  010D                     	;# 
   117  010E                     	;# 
   118  010F                     	;# 
   119  0185                     	;# 
   120  0187                     	;# 
   121  0188                     	;# 
   122  0189                     	;# 
   123  018C                     	;# 
   124  018D                     	;# 
   125  0000                     	;# 
   126  0001                     	;# 
   127  0002                     	;# 
   128  0003                     	;# 
   129  0004                     	;# 
   130  0005                     	;# 
   131  0006                     	;# 
   132  0007                     	;# 
   133  0008                     	;# 
   134  0009                     	;# 
   135  000A                     	;# 
   136  000B                     	;# 
   137  000C                     	;# 
   138  000D                     	;# 
   139  000E                     	;# 
   140  000E                     	;# 
   141  000F                     	;# 
   142  0010                     	;# 
   143  0011                     	;# 
   144  0012                     	;# 
   145  0013                     	;# 
   146  0014                     	;# 
   147  0015                     	;# 
   148  0015                     	;# 
   149  0016                     	;# 
   150  0017                     	;# 
   151  0018                     	;# 
   152  0019                     	;# 
   153  001A                     	;# 
   154  001B                     	;# 
   155  001B                     	;# 
   156  001C                     	;# 
   157  001D                     	;# 
   158  001E                     	;# 
   159  001F                     	;# 
   160  0081                     	;# 
   161  0085                     	;# 
   162  0086                     	;# 
   163  0087                     	;# 
   164  0088                     	;# 
   165  0089                     	;# 
   166  008C                     	;# 
   167  008D                     	;# 
   168  008E                     	;# 
   169  008F                     	;# 
   170  0090                     	;# 
   171  0091                     	;# 
   172  0092                     	;# 
   173  0093                     	;# 
   174  0093                     	;# 
   175  0093                     	;# 
   176  0094                     	;# 
   177  0095                     	;# 
   178  0096                     	;# 
   179  0097                     	;# 
   180  0098                     	;# 
   181  0099                     	;# 
   182  009A                     	;# 
   183  009B                     	;# 
   184  009C                     	;# 
   185  009D                     	;# 
   186  009E                     	;# 
   187  009F                     	;# 
   188  0105                     	;# 
   189  0107                     	;# 
   190  0108                     	;# 
   191  0109                     	;# 
   192  010C                     	;# 
   193  010C                     	;# 
   194  010D                     	;# 
   195  010E                     	;# 
   196  010F                     	;# 
   197  0185                     	;# 
   198  0187                     	;# 
   199  0188                     	;# 
   200  0189                     	;# 
   201  018C                     	;# 
   202  018D                     	;# 
   203  0000                     	;# 
   204  0001                     	;# 
   205  0002                     	;# 
   206  0003                     	;# 
   207  0004                     	;# 
   208  0005                     	;# 
   209  0006                     	;# 
   210  0007                     	;# 
   211  0008                     	;# 
   212  0009                     	;# 
   213  000A                     	;# 
   214  000B                     	;# 
   215  000C                     	;# 
   216  000D                     	;# 
   217  000E                     	;# 
   218  000E                     	;# 
   219  000F                     	;# 
   220  0010                     	;# 
   221  0011                     	;# 
   222  0012                     	;# 
   223  0013                     	;# 
   224  0014                     	;# 
   225  0015                     	;# 
   226  0015                     	;# 
   227  0016                     	;# 
   228  0017                     	;# 
   229  0018                     	;# 
   230  0019                     	;# 
   231  001A                     	;# 
   232  001B                     	;# 
   233  001B                     	;# 
   234  001C                     	;# 
   235  001D                     	;# 
   236  001E                     	;# 
   237  001F                     	;# 
   238  0081                     	;# 
   239  0085                     	;# 
   240  0086                     	;# 
   241  0087                     	;# 
   242  0088                     	;# 
   243  0089                     	;# 
   244  008C                     	;# 
   245  008D                     	;# 
   246  008E                     	;# 
   247  008F                     	;# 
   248  0090                     	;# 
   249  0091                     	;# 
   250  0092                     	;# 
   251  0093                     	;# 
   252  0093                     	;# 
   253  0093                     	;# 
   254  0094                     	;# 
   255  0095                     	;# 
   256  0096                     	;# 
   257  0097                     	;# 
   258  0098                     	;# 
   259  0099                     	;# 
   260  009A                     	;# 
   261  009B                     	;# 
   262  009C                     	;# 
   263  009D                     	;# 
   264  009E                     	;# 
   265  009F                     	;# 
   266  0105                     	;# 
   267  0107                     	;# 
   268  0108                     	;# 
   269  0109                     	;# 
   270  010C                     	;# 
   271  010C                     	;# 
   272  010D                     	;# 
   273  010E                     	;# 
   274  010F                     	;# 
   275  0185                     	;# 
   276  0187                     	;# 
   277  0188                     	;# 
   278  0189                     	;# 
   279  018C                     	;# 
   280  018D                     	;# 
   281  0005                     _PORTA	set	5
   282  0006                     _PORTB	set	6
   283  0009                     _PORTE	set	9
   284  000B                     _INTCONbits	set	11
   285  0006                     _PORTBbits	set	6
   286  0009                     _PORTEbits	set	9
   287  0007                     _PORTC	set	7
   288  0008                     _PORTD	set	8
   289  0088                     _TRISD	set	136
   290  0085                     _TRISA	set	133
   291  0096                     _IOCB	set	150
   292  0081                     _OPTION_REGbits	set	129
   293  0095                     _WPUB	set	149
   294  0086                     _TRISB	set	134
   295  0089                     _TRISE	set	137
   296  0087                     _TRISC	set	135
   297  0189                     _ANSELH	set	393
   298  0188                     _ANSEL	set	392
   299                           
   300                           ; #config settings
   301  0000                     
   302                           	psect	cinit
   303  000F                     start_initialization:	
   304  000F                     __initialization:	
   305                           
   306                           ; Clear objects allocated to COMMON
   307  000F  01F0               	clrf	__pbssCOMMON& (0+127)
   308  0010  01F1               	clrf	(__pbssCOMMON+1)& (0+127)
   309  0011  01F2               	clrf	(__pbssCOMMON+2)& (0+127)
   310  0012                     end_of_initialization:	
   311                           ;End of C runtime variable initialization code
   312                           
   313  0012                     __end_of__initialization:	
   314  0012  0183               	clrf	3
   315  0013  120A  118A  286C   	ljmp	_main	;jump to C main() function
   316                           
   317                           	psect	bssCOMMON
   318  0070                     __pbssCOMMON:	
   319  0070                     _b:	
   320  0070                     	ds	1
   321  0071                     _a:	
   322  0071                     	ds	1
   323  0072                     _contador:	
   324  0072                     	ds	1
   325                           
   326                           	psect	cstackCOMMON
   327  0073                     __pcstackCOMMON:	
   328  0073                     ?_config:	
   329  0073                     ?_main:	
   330                           ; 1 bytes @ 0x0
   331                           
   332  0073                     ?_isr:	
   333                           ; 1 bytes @ 0x0
   334                           
   335  0073                     ??_isr:	
   336                           ; 1 bytes @ 0x0
   337                           
   338                           
   339                           ; 1 bytes @ 0x0
   340  0073                     	ds	3
   341  0076                     ??_config:	
   342  0076                     ??_main:	
   343                           ; 1 bytes @ 0x3
   344                           
   345                           
   346                           	psect	maintext
   347  006C                     __pmaintext:	
   348                           ; 1 bytes @ 0x3
   349 ;;
   350 ;;Main: autosize = 0, tempsize = 0, incstack = 0, save=0
   351 ;;
   352 ;; *************** function _main *****************
   353 ;; Defined at:
   354 ;;		line 46 in file "LAB_2.c"
   355 ;; Parameters:    Size  Location     Type
   356 ;;		None
   357 ;; Auto vars:     Size  Location     Type
   358 ;;		None
   359 ;; Return value:  Size  Location     Type
   360 ;;                  1    wreg      void 
   361 ;; Registers used:
   362 ;;		wreg, status,2, status,0, pclath, cstack
   363 ;; Tracked objects:
   364 ;;		On entry : B00/0
   365 ;;		On exit  : 0/0
   366 ;;		Unchanged: 0/0
   367 ;; Data sizes:     COMMON   BANK0   BANK1   BANK3   BANK2
   368 ;;      Params:         0       0       0       0       0
   369 ;;      Locals:         0       0       0       0       0
   370 ;;      Temps:          0       0       0       0       0
   371 ;;      Totals:         0       0       0       0       0
   372 ;;Total ram usage:        0 bytes
   373 ;; Hardware stack levels required when called:    2
   374 ;; This function calls:
   375 ;;		_config
   376 ;; This function is called by:
   377 ;;		Startup code after reset
   378 ;; This function uses a non-reentrant model
   379 ;;
   380                           
   381                           
   382                           ;psect for function _main
   383  006C                     _main:	
   384                           
   385                           ;LAB_2.c: 47:     config();
   386                           
   387                           ;incstack = 0
   388                           ; Regs used in _main: [wreg+status,2+status,0+pclath+cstack]
   389  006C  120A  118A  2016  120A  118A  	fcall	_config
   390                           
   391                           ;LAB_2.c: 48:     contador = 0x00;
   392  0071  01F2               	clrf	_contador
   393                           
   394                           ;LAB_2.c: 49:     PORTD = contador;
   395  0072  0872               	movf	_contador,w
   396  0073  1283               	bcf	3,5	;RP0=0, select bank0
   397  0074  1303               	bcf	3,6	;RP1=0, select bank0
   398  0075  0088               	movwf	8	;volatile
   399  0076                     l693:	
   400                           
   401                           ;LAB_2.c: 51:         PORTD = contador;
   402  0076  0872               	movf	_contador,w
   403  0077  0088               	movwf	8	;volatile
   404                           
   405                           ;LAB_2.c: 52:         PORTC = 0xFF;
   406  0078  30FF               	movlw	255
   407  0079  0087               	movwf	7	;volatile
   408                           
   409                           ;LAB_2.c: 53:         PORTEbits.RE0 = 1;
   410  007A  1409               	bsf	9,0	;volatile
   411                           
   412                           ;LAB_2.c: 54:         if(PORTBbits.RB0 == 1){
   413  007B  1806               	btfsc	6,0	;volatile
   414                           
   415                           ;LAB_2.c: 55:             a=0;
   416  007C  01F1               	clrf	_a
   417                           
   418                           ;LAB_2.c: 57:         if(PORTBbits.RB1 == 1){
   419  007D  1C86               	btfss	6,1	;volatile
   420  007E  2876               	goto	l693
   421                           
   422                           ;LAB_2.c: 58:             b=0;
   423  007F  01F0               	clrf	_b
   424  0080  2876               	goto	l693
   425  0081                     __end_of_main:	
   426                           
   427                           	psect	text1
   428  0016                     __ptext1:	
   429 ;; *************** function _config *****************
   430 ;; Defined at:
   431 ;;		line 91 in file "LAB_2.c"
   432 ;; Parameters:    Size  Location     Type
   433 ;;		None
   434 ;; Auto vars:     Size  Location     Type
   435 ;;		None
   436 ;; Return value:  Size  Location     Type
   437 ;;                  1    wreg      void 
   438 ;; Registers used:
   439 ;;		wreg, status,2
   440 ;; Tracked objects:
   441 ;;		On entry : 0/0
   442 ;;		On exit  : 0/0
   443 ;;		Unchanged: 0/0
   444 ;; Data sizes:     COMMON   BANK0   BANK1   BANK3   BANK2
   445 ;;      Params:         0       0       0       0       0
   446 ;;      Locals:         0       0       0       0       0
   447 ;;      Temps:          0       0       0       0       0
   448 ;;      Totals:         0       0       0       0       0
   449 ;;Total ram usage:        0 bytes
   450 ;; Hardware stack levels used:    1
   451 ;; Hardware stack levels required when called:    1
   452 ;; This function calls:
   453 ;;		Nothing
   454 ;; This function is called by:
   455 ;;		_main
   456 ;; This function uses a non-reentrant model
   457 ;;
   458                           
   459                           
   460                           ;psect for function _config
   461  0016                     _config:	
   462                           
   463                           ;LAB_2.c: 96:     TRISC = 0x00;
   464                           
   465                           ;incstack = 0
   466                           ; Regs used in _config: [wreg+status,2]
   467  0016  1683               	bsf	3,5	;RP0=1, select bank1
   468  0017  1303               	bcf	3,6	;RP1=0, select bank1
   469  0018  0187               	clrf	7	;volatile
   470                           
   471                           ;LAB_2.c: 97:     PORTC = 0x00;
   472  0019  1283               	bcf	3,5	;RP0=0, select bank0
   473  001A  1303               	bcf	3,6	;RP1=0, select bank0
   474  001B  0187               	clrf	7	;volatile
   475                           
   476                           ;LAB_2.c: 99:     PORTE = 0x0;
   477  001C  0189               	clrf	9	;volatile
   478                           
   479                           ;LAB_2.c: 100:     ANSEL = 0x01;
   480  001D  3001               	movlw	1
   481  001E  1683               	bsf	3,5	;RP0=1, select bank3
   482  001F  1703               	bsf	3,6	;RP1=1, select bank3
   483  0020  0088               	movwf	8	;volatile
   484                           
   485                           ;LAB_2.c: 101:     TRISE = 0x0;
   486  0021  1683               	bsf	3,5	;RP0=1, select bank1
   487  0022  1303               	bcf	3,6	;RP1=0, select bank1
   488  0023  0189               	clrf	9	;volatile
   489                           
   490                           ;LAB_2.c: 103:     PORTB = 0x00;
   491  0024  1283               	bcf	3,5	;RP0=0, select bank0
   492  0025  1303               	bcf	3,6	;RP1=0, select bank0
   493  0026  0186               	clrf	6	;volatile
   494                           
   495                           ;LAB_2.c: 104:     TRISB = 0b11111111;
   496  0027  30FF               	movlw	255
   497  0028  1683               	bsf	3,5	;RP0=1, select bank1
   498  0029  1303               	bcf	3,6	;RP1=0, select bank1
   499  002A  0086               	movwf	6	;volatile
   500                           
   501                           ;LAB_2.c: 105:     ANSELH = 0x00;
   502  002B  1683               	bsf	3,5	;RP0=1, select bank3
   503  002C  1703               	bsf	3,6	;RP1=1, select bank3
   504  002D  0189               	clrf	9	;volatile
   505                           
   506                           ;LAB_2.c: 106:     WPUB = 0b11111111;
   507  002E  30FF               	movlw	255
   508  002F  1683               	bsf	3,5	;RP0=1, select bank1
   509  0030  1303               	bcf	3,6	;RP1=0, select bank1
   510  0031  0095               	movwf	21	;volatile
   511                           
   512                           ;LAB_2.c: 107:     OPTION_REGbits.nRBPU = 0;
   513  0032  1381               	bcf	1,7	;volatile
   514                           
   515                           ;LAB_2.c: 108:     IOCB = 0x03;
   516  0033  3003               	movlw	3
   517  0034  0096               	movwf	22	;volatile
   518                           
   519                           ;LAB_2.c: 110:     PORTA = 0x00;
   520  0035  1283               	bcf	3,5	;RP0=0, select bank0
   521  0036  1303               	bcf	3,6	;RP1=0, select bank0
   522  0037  0185               	clrf	5	;volatile
   523                           
   524                           ;LAB_2.c: 111:     TRISA = 0x01;
   525  0038  3001               	movlw	1
   526  0039  1683               	bsf	3,5	;RP0=1, select bank1
   527  003A  1303               	bcf	3,6	;RP1=0, select bank1
   528  003B  0085               	movwf	5	;volatile
   529                           
   530                           ;LAB_2.c: 113:     PORTD = 0x00;
   531  003C  1283               	bcf	3,5	;RP0=0, select bank0
   532  003D  1303               	bcf	3,6	;RP1=0, select bank0
   533  003E  0188               	clrf	8	;volatile
   534                           
   535                           ;LAB_2.c: 114:     TRISD = 0x00;
   536  003F  1683               	bsf	3,5	;RP0=1, select bank1
   537  0040  1303               	bcf	3,6	;RP1=0, select bank1
   538  0041  0188               	clrf	8	;volatile
   539                           
   540                           ;LAB_2.c: 120:     (INTCONbits.GIE = 1);
   541  0042  178B               	bsf	11,7	;volatile
   542                           
   543                           ;LAB_2.c: 121:     INTCONbits.RBIE = 1;
   544  0043  158B               	bsf	11,3	;volatile
   545                           
   546                           ;LAB_2.c: 122:     INTCONbits.RBIF = 0;
   547  0044  100B               	bcf	11,0	;volatile
   548  0045  0008               	return
   549  0046                     __end_of_config:	
   550                           
   551                           	psect	text2
   552  0046                     __ptext2:	
   553 ;; *************** function _isr *****************
   554 ;; Defined at:
   555 ;;		line 65 in file "LAB_2.c"
   556 ;; Parameters:    Size  Location     Type
   557 ;;		None
   558 ;; Auto vars:     Size  Location     Type
   559 ;;		None
   560 ;; Return value:  Size  Location     Type
   561 ;;                  1    wreg      void 
   562 ;; Registers used:
   563 ;;		wreg, status,2, status,0
   564 ;; Tracked objects:
   565 ;;		On entry : 0/0
   566 ;;		On exit  : 0/0
   567 ;;		Unchanged: 0/0
   568 ;; Data sizes:     COMMON   BANK0   BANK1   BANK3   BANK2
   569 ;;      Params:         0       0       0       0       0
   570 ;;      Locals:         0       0       0       0       0
   571 ;;      Temps:          3       0       0       0       0
   572 ;;      Totals:         3       0       0       0       0
   573 ;;Total ram usage:        3 bytes
   574 ;; Hardware stack levels used:    1
   575 ;; This function calls:
   576 ;;		Nothing
   577 ;; This function is called by:
   578 ;;		Interrupt level 1
   579 ;; This function uses a non-reentrant model
   580 ;;
   581                           
   582                           
   583                           ;psect for function _isr
   584  0046                     _isr:	
   585                           
   586                           ;LAB_2.c: 67:     if (INTCONbits.RBIF == 1){
   587  0046  1C0B               	btfss	11,0	;volatile
   588  0047  2865               	goto	i1l64
   589                           
   590                           ;LAB_2.c: 70:         if (PORTBbits.RB0==0 && a==0){
   591  0048  1283               	bcf	3,5	;RP0=0, select bank0
   592  0049  1303               	bcf	3,6	;RP1=0, select bank0
   593  004A  1806               	btfsc	6,0	;volatile
   594  004B  2856               	goto	i1l719
   595  004C  0871               	movf	_a,w
   596  004D  1D03               	btfss	3,2
   597  004E  2856               	goto	i1l719
   598                           
   599                           ;LAB_2.c: 71:             a = 1;
   600  004F  01F1               	clrf	_a
   601  0050  0AF1               	incf	_a,f
   602                           
   603                           ;LAB_2.c: 72:             if(contador >0x00){
   604  0051  0872               	movf	_contador,w
   605  0052  1903               	btfsc	3,2
   606  0053  2856               	goto	i1l719
   607                           
   608                           ;LAB_2.c: 73:                 contador--;
   609  0054  3001               	movlw	1
   610  0055  02F2               	subwf	_contador,f
   611  0056                     i1l719:	
   612                           
   613                           ;LAB_2.c: 76:         if (PORTBbits.RB1==0 && b ==0){
   614  0056  1886               	btfsc	6,1	;volatile
   615  0057  2864               	goto	i1l729
   616  0058  0870               	movf	_b,w
   617  0059  1D03               	btfss	3,2
   618  005A  2864               	goto	i1l729
   619                           
   620                           ;LAB_2.c: 77:             b = 1;
   621  005B  01F0               	clrf	_b
   622  005C  0AF0               	incf	_b,f
   623                           
   624                           ;LAB_2.c: 78:             if(contador < 0xFF){
   625  005D  0A72               	incf	_contador,w
   626  005E  1903               	btfsc	3,2
   627  005F  2864               	goto	i1l729
   628                           
   629                           ;LAB_2.c: 79:                 contador++;
   630  0060  3001               	movlw	1
   631  0061  00F3               	movwf	??_isr
   632  0062  0873               	movf	??_isr,w
   633  0063  07F2               	addwf	_contador,f
   634  0064                     i1l729:	
   635                           
   636                           ;LAB_2.c: 83:         INTCONbits.RBIF = 0;
   637  0064  100B               	bcf	11,0	;volatile
   638  0065                     i1l64:	
   639  0065  0875               	movf	??_isr+2,w
   640  0066  008A               	movwf	10
   641  0067  0E74               	swapf	(??_isr+1)^(0+4294967168),w
   642  0068  0083               	movwf	3
   643  0069  0EFE               	swapf	126,f
   644  006A  0E7E               	swapf	126,w
   645  006B  0009               	retfie
   646  006C                     __end_of_isr:	
   647  007E                     btemp	set	126	;btemp
   648  007E                     wtemp0	set	126
   649                           
   650                           	psect	intentry
   651  0004                     __pintentry:	
   652                           ;incstack = 0
   653                           ; Regs used in _isr: [wreg+status,2+status,0]
   654                           
   655  0004                     interrupt_function:	
   656  007E                     saved_w	set	btemp
   657  0004  00FE               	movwf	btemp
   658  0005  0E03               	swapf	3,w
   659  0006  00F4               	movwf	??_isr+1
   660  0007  080A               	movf	10,w
   661  0008  00F5               	movwf	??_isr+2
   662  0009  120A  118A  2846   	ljmp	_isr


Data Sizes:
    Strings     0
    Constant    0
    Data        0
    BSS         3
    Persistent  0
    Stack       0

Auto Spaces:
    Space          Size  Autos    Used
    COMMON           14      3       6
    BANK0            80      0       0
    BANK1            80      0       0
    BANK3            96      0       0
    BANK2            96      0       0

Pointer List with Targets:

    None.

Critical Paths under _main in COMMON

    None.

Critical Paths under _isr in COMMON

    None.

Critical Paths under _main in BANK0

    None.

Critical Paths under _isr in BANK0

    None.

Critical Paths under _main in BANK1

    None.

Critical Paths under _isr in BANK1

    None.

Critical Paths under _main in BANK3

    None.

Critical Paths under _isr in BANK3

    None.

Critical Paths under _main in BANK2

    None.

Critical Paths under _isr in BANK2

    None.

Call Graph Tables:

 ---------------------------------------------------------------------------------
 (Depth) Function   	        Calls       Base Space   Used Autos Params    Refs
 ---------------------------------------------------------------------------------
 (0) _main                                                 0     0      0       0
                             _config
 ---------------------------------------------------------------------------------
 (1) _config                                               0     0      0       0
 ---------------------------------------------------------------------------------
 Estimated maximum stack depth 1
 ---------------------------------------------------------------------------------
 (Depth) Function   	        Calls       Base Space   Used Autos Params    Refs
 ---------------------------------------------------------------------------------
 (2) _isr                                                  3     3      0       0
                                              0 COMMON     3     3      0
 ---------------------------------------------------------------------------------
 Estimated maximum stack depth 2
 ---------------------------------------------------------------------------------

 Call Graph Graphs:

 _main (ROOT)
   _config

 _isr (ROOT)

 Address spaces:
Name               Size   Autos  Total    Cost      Usage
BITCOMMON            E      0       0       0        0.0%
EEDATA             100      0       0       0        0.0%
NULL                 0      0       0       0        0.0%
CODE                 0      0       0       0        0.0%
COMMON               E      3       6       1       42.9%
BITSFR0              0      0       0       1        0.0%
SFR0                 0      0       0       1        0.0%
BITSFR1              0      0       0       2        0.0%
SFR1                 0      0       0       2        0.0%
STACK                0      0       0       2        0.0%
ABS                  0      0       6       3        0.0%
BITBANK0            50      0       0       4        0.0%
BITSFR3              0      0       0       4        0.0%
SFR3                 0      0       0       4        0.0%
BANK0               50      0       0       5        0.0%
BITSFR2              0      0       0       5        0.0%
SFR2                 0      0       0       5        0.0%
BITBANK1            50      0       0       6        0.0%
BANK1               50      0       0       7        0.0%
BITBANK3            60      0       0       8        0.0%
BANK3               60      0       0       9        0.0%
BITBANK2            60      0       0      10        0.0%
BANK2               60      0       0      11        0.0%
DATA                 0      0       6      12        0.0%


Microchip Technology PIC Macro Assembler V2.05 build -831301201 
Symbol Table                                                                                   Sun Feb 02 18:09:16 2020

                       _a 0071                         _b 0070               __CFG_CP$OFF 0000  
                     l693 0076              __CFG_CPD$OFF 0000                       _isr 0046  
            __CFG_LVP$OFF 0000                      ?_isr 0073                      _IOCB 0096  
                    i1l64 0065                      _WPUB 0095              __CFG_WRT$OFF 0000  
                    _main 006C                      btemp 007E                      start 000C  
           __CFG_IESO$OFF 0000                     ??_isr 0073                     ?_main 0073  
           __CFG_WDTE$OFF 0000                     _ANSEL 0188                     i1l719 0056  
                   i1l729 0064                     _PORTA 0005                     _PORTB 0006  
                   _PORTC 0007                     _PORTD 0008                     _PORTE 0009  
                   _TRISA 0085                     _TRISB 0086                     _TRISC 0087  
                   _TRISD 0088                     _TRISE 0089            __CFG_FCMEN$OFF 0000  
          __CFG_BOREN$OFF 0000                     pclath 000A                     status 0003  
                   wtemp0 007E            __CFG_MCLRE$OFF 0000           __initialization 000F  
            __end_of_main 0081                    ??_main 0076                    _ANSELH 0189  
          __CFG_PWRTE$OFF 0000                    _config 0016                    saved_w 007E  
 __end_of__initialization 0012            __pcstackCOMMON 0073            _OPTION_REGbits 0081  
              __pmaintext 006C                __pintentry 0004                   ?_config 0073  
         __size_of_config 0030                   __ptext1 0016                   __ptext2 0046  
            __size_of_isr 0026      end_of_initialization 0012                 _PORTBbits 0006  
               _PORTEbits 0009            __end_of_config 0046       start_initialization 000F  
             __end_of_isr 006C  __CFG_FOSC$INTRC_NOCLKOUT 0000                  ??_config 0076  
             __pbssCOMMON 0070                 ___latbits 0002         interrupt_function 0004  
       __CFG_BOR4V$BOR40V 0000                  _contador 0072             __size_of_main 0015  
              _INTCONbits 000B                  intlevel1 0000  
